This is e-pTeX, Version 3.14159265-p3.8.2-190908-2.6 (utf8.euc) (TeX Live 2019/Debian) (preloaded format=platex 2021.5.19)  17 OCT 2021 23:17
entering extended mode
 restricted \write18 enabled.
 %&-line parsing enabled.
**logic-04-ex.tex
(./logic-04-ex.tex
pLaTeX2e <2020-02-02>+2 (based on LaTeX2e <2020-02-02> patch level 2)
L3 programming layer <2020-02-14>
(/usr/share/texlive/texmf-dist/tex/platex/jsclasses/jsarticle.cls
Document Class: jsarticle 2020/02/02 jsclasses (okumura, texjporg)
\jsc@mpt=\dimen150
\jsc@mmm=\dimen151
\jsc@smallskipamount=\skip47
LaTeX Info: Redefining \textmc on input line 496.
LaTeX Info: Redefining \textgt on input line 498.
\symmincho=\mathgroup4
LaTeX Font Info:    Overwriting symbol font `mincho' in version `bold'
(Font)                  JY1/mc/m/n --> JY1/gt/m/n on input line 560.
LaTeX Font Info:    Font shape `JT1/mc/m/n' will be
(Font)              scaled to size 9.60999pt on input line 751.
LaTeX Font Info:    Font shape `JY1/mc/m/n' will be
(Font)              scaled to size 9.60999pt on input line 751.
\fullwidth=\dimen152
LaTeX Font Info:    Font shape `JT1/mc/m/n' will be
(Font)              scaled to size 7.68799pt on input line 904.
LaTeX Font Info:    Font shape `JY1/mc/m/n' will be
(Font)              scaled to size 7.68799pt on input line 904.
\c@part=\count166
\c@section=\count167
\c@subsection=\count168
\c@subsubsection=\count169
\c@paragraph=\count170
\c@subparagraph=\count171
\@abstractbox=\box61
\c@figure=\count172
\c@table=\count173
\abovecaptionskip=\skip48
\belowcaptionskip=\skip49
\jsc@tocl@width=\dimen153
\@lnumwidth=\dimen154
\bibindent=\dimen155
(/usr/share/texlive/texmf-dist/tex/platex/jsclasses/jslogo.sty
Package: jslogo 2019/07/25 okumura, texjporg
LaTeX Info: Redefining \TeX on input line 94.
LaTeX Info: Redefining \LaTeX on input line 147.
LaTeX Info: Redefining \LaTeXe on input line 200.
)
\heisei=\count174
)
(/usr/share/texlive/texmf-dist/tex/latex/base/fontenc.sty
Package: fontenc 2020/02/11 v2.0o Standard LaTeX package
)
(/usr/share/texlive/texmf-dist/tex/latex/hyperref/hyperref.sty
Package: hyperref 2020/01/14 v7.00d Hypertext links for LaTeX

(/usr/share/texlive/texmf-dist/tex/generic/ltxcmds/ltxcmds.sty
Package: ltxcmds 2019/12/15 v1.24 LaTeX kernel commands for general use (HO)
)
(/usr/share/texlive/texmf-dist/tex/generic/iftex/iftex.sty
Package: iftex 2019/11/07 v1.0c TeX engine tests
)
(/usr/share/texlive/texmf-dist/tex/latex/pdftexcmds/pdftexcmds.sty
Package: pdftexcmds 2019/11/24 v0.31 Utility functions of pdfTeX for LuaTeX (HO
)

(/usr/share/texlive/texmf-dist/tex/generic/infwarerr/infwarerr.sty
Package: infwarerr 2019/12/03 v1.5 Providing info/warning/error messages (HO)
)
Package pdftexcmds Info: \pdf@primitive is available.
Package pdftexcmds Info: \pdf@ifprimitive is available.
Package pdftexcmds Info: \pdfdraftmode not found.
)
(/usr/share/texlive/texmf-dist/tex/latex/graphics/keyval.sty
Package: keyval 2014/10/28 v1.15 key=value parser (DPC)
\KV@toks@=\toks15
)
(/usr/share/texlive/texmf-dist/tex/generic/kvsetkeys/kvsetkeys.sty
Package: kvsetkeys 2019/12/15 v1.18 Key value parser (HO)
)
(/usr/share/texlive/texmf-dist/tex/generic/kvdefinekeys/kvdefinekeys.sty
Package: kvdefinekeys 2019-12-19 v1.6 Define keys (HO)
)
(/usr/share/texlive/texmf-dist/tex/generic/pdfescape/pdfescape.sty
Package: pdfescape 2019/12/09 v1.15 Implements pdfTeX's escape features (HO)
)
(/usr/share/texlive/texmf-dist/tex/latex/hycolor/hycolor.sty
Package: hycolor 2020-01-27 v1.10 Color options for hyperref/bookmark (HO)
)
(/usr/share/texlive/texmf-dist/tex/latex/letltxmacro/letltxmacro.sty
Package: letltxmacro 2019/12/03 v1.6 Let assignment for LaTeX macros (HO)
)
(/usr/share/texlive/texmf-dist/tex/latex/auxhook/auxhook.sty
Package: auxhook 2019-12-17 v1.6 Hooks for auxiliary files (HO)
)
(/usr/share/texlive/texmf-dist/tex/latex/kvoptions/kvoptions.sty
Package: kvoptions 2019/11/29 v3.13 Key value format for package options (HO)
)
\@linkdim=\dimen156
\Hy@linkcounter=\count175
\Hy@pagecounter=\count176

(/usr/share/texlive/texmf-dist/tex/latex/hyperref/pd1enc.def
File: pd1enc.def 2020/01/14 v7.00d Hyperref: PDFDocEncoding definition (HO)
Now handling font encoding PD1 ...
... no UTF-8 mapping file for font encoding PD1
)
(/usr/share/texlive/texmf-dist/tex/generic/intcalc/intcalc.sty
Package: intcalc 2019/12/15 v1.3 Expandable calculations with integers (HO)
)
(/usr/share/texlive/texmf-dist/tex/generic/etexcmds/etexcmds.sty
Package: etexcmds 2019/12/15 v1.7 Avoid name clashes with e-TeX commands (HO)
)
\Hy@SavedSpaceFactor=\count177
Package hyperref Info: Hyper figures OFF on input line 4547.
Package hyperref Info: Link nesting OFF on input line 4552.
Package hyperref Info: Hyper index ON on input line 4555.
Package hyperref Info: Plain pages OFF on input line 4562.
Package hyperref Info: Backreferencing OFF on input line 4567.
Package hyperref Info: Implicit mode ON; LaTeX internals redefined.
Package hyperref Info: Bookmarks ON on input line 4800.
\c@Hy@tempcnt=\count178

(/usr/share/texlive/texmf-dist/tex/latex/url/url.sty
\Urlmuskip=\muskip16
Package: url 2013/09/16  ver 3.4  Verb mode for urls, etc.
)
LaTeX Info: Redefining \url on input line 5159.
\XeTeXLinkMargin=\dimen157

(/usr/share/texlive/texmf-dist/tex/generic/bitset/bitset.sty
Package: bitset 2019/12/09 v1.3 Handle bit-vector datatype (HO)

(/usr/share/texlive/texmf-dist/tex/generic/bigintcalc/bigintcalc.sty
Package: bigintcalc 2019/12/15 v1.5 Expandable calculations on big integers (HO
)
))
\Fld@menulength=\count179
\Field@Width=\dimen158
\Fld@charsize=\dimen159
Package hyperref Info: Hyper figures OFF on input line 6430.
Package hyperref Info: Link nesting OFF on input line 6435.
Package hyperref Info: Hyper index ON on input line 6438.
Package hyperref Info: backreferencing OFF on input line 6445.
Package hyperref Info: Link coloring OFF on input line 6450.
Package hyperref Info: Link coloring with OCG OFF on input line 6455.
Package hyperref Info: PDF/A mode OFF on input line 6460.
LaTeX Info: Redefining \ref on input line 6500.
LaTeX Info: Redefining \pageref on input line 6504.

(/usr/share/texlive/texmf-dist/tex/generic/atbegshi/atbegshi.sty
Package: atbegshi 2019/12/05 v1.19 At begin shipout hook (HO)
)
\Hy@abspage=\count180
\c@Item=\count181
\c@Hfootnote=\count182
)
Package hyperref Info: Driver: hdvipdfm.

(/usr/share/texlive/texmf-dist/tex/latex/hyperref/hdvipdfm.def
File: hdvipdfm.def 2020/01/14 v7.00d Hyperref driver for dvipdfm
\pdfm@box=\box62
\c@Hy@AnnotLevel=\count183
\HyField@AnnotCount=\count184
\Fld@listcount=\count185
\c@bookmark@seq@number=\count186

(/usr/share/texlive/texmf-dist/tex/latex/rerunfilecheck/rerunfilecheck.sty
Package: rerunfilecheck 2019/12/05 v1.9 Rerun checks for auxiliary files (HO)

(/usr/share/texlive/texmf-dist/tex/latex/atveryend/atveryend.sty
Package: atveryend 2019-12-11 v1.11 Hooks at the very end of document (HO)
Package atveryend Info: \enddocument detected (standard20110627).
)
(/usr/share/texlive/texmf-dist/tex/generic/uniquecounter/uniquecounter.sty
Package: uniquecounter 2019/12/15 v1.4 Provide unlimited unique counter (HO)
)
Package uniquecounter Info: New unique counter `rerunfilecheck' on input line 2
86.
)
\Hy@SectionHShift=\skip50
)
(/usr/share/texmf/tex/latex/lm/lmodern.sty
Package: lmodern 2009/10/30 v1.6 Latin Modern Fonts
LaTeX Font Info:    Overwriting symbol font `operators' in version `normal'
(Font)                  OT1/cmr/m/n --> OT1/lmr/m/n on input line 22.
LaTeX Font Info:    Overwriting symbol font `letters' in version `normal'
(Font)                  OML/cmm/m/it --> OML/lmm/m/it on input line 23.
LaTeX Font Info:    Overwriting symbol font `symbols' in version `normal'
(Font)                  OMS/cmsy/m/n --> OMS/lmsy/m/n on input line 24.
LaTeX Font Info:    Overwriting symbol font `largesymbols' in version `normal'
(Font)                  OMX/cmex/m/n --> OMX/lmex/m/n on input line 25.
LaTeX Font Info:    Overwriting symbol font `operators' in version `bold'
(Font)                  OT1/cmr/bx/n --> OT1/lmr/bx/n on input line 26.
LaTeX Font Info:    Overwriting symbol font `letters' in version `bold'
(Font)                  OML/cmm/b/it --> OML/lmm/b/it on input line 27.
LaTeX Font Info:    Overwriting symbol font `symbols' in version `bold'
(Font)                  OMS/cmsy/b/n --> OMS/lmsy/b/n on input line 28.
LaTeX Font Info:    Overwriting symbol font `largesymbols' in version `bold'
(Font)                  OMX/cmex/m/n --> OMX/lmex/m/n on input line 29.
LaTeX Font Info:    Overwriting math alphabet `\mathbf' in version `normal'
(Font)                  OT1/cmr/bx/n --> OT1/lmr/bx/n on input line 31.
LaTeX Font Info:    Overwriting math alphabet `\mathsf' in version `normal'
(Font)                  OT1/cmss/m/n --> OT1/lmss/m/n on input line 32.
LaTeX Font Info:    Overwriting math alphabet `\mathit' in version `normal'
(Font)                  OT1/cmr/m/it --> OT1/lmr/m/it on input line 33.
LaTeX Font Info:    Overwriting math alphabet `\mathtt' in version `normal'
(Font)                  OT1/cmtt/m/n --> OT1/lmtt/m/n on input line 34.
LaTeX Font Info:    Overwriting math alphabet `\mathbf' in version `bold'
(Font)                  OT1/cmr/bx/n --> OT1/lmr/bx/n on input line 35.
LaTeX Font Info:    Overwriting math alphabet `\mathsf' in version `bold'
(Font)                  OT1/cmss/bx/n --> OT1/lmss/bx/n on input line 36.
LaTeX Font Info:    Overwriting math alphabet `\mathit' in version `bold'
(Font)                  OT1/cmr/bx/it --> OT1/lmr/bx/it on input line 37.
LaTeX Font Info:    Overwriting math alphabet `\mathtt' in version `bold'
(Font)                  OT1/cmtt/m/n --> OT1/lmtt/m/n on input line 38.
)
(/usr/share/texlive/texmf-dist/tex/latex/base/latexsym.sty
Package: latexsym 1998/08/17 v2.2e Standard LaTeX package (lasy symbols)
\symlasy=\mathgroup5
LaTeX Font Info:    Overwriting symbol font `lasy' in version `bold'
(Font)                  U/lasy/m/n --> U/lasy/b/n on input line 52.
)
(/usr/share/texlive/texmf-dist/tex/latex/amsfonts/amsfonts.sty
Package: amsfonts 2013/01/14 v3.01 Basic AMSFonts support
\@emptytoks=\toks16
\symAMSa=\mathgroup6
\symAMSb=\mathgroup7
LaTeX Font Info:    Redeclaring math symbol \hbar on input line 98.
LaTeX Font Info:    Overwriting math alphabet `\mathfrak' in version `bold'
(Font)                  U/euf/m/n --> U/euf/b/n on input line 106.
)
(/usr/share/texlive/texmf-dist/tex/latex/amsfonts/amssymb.sty
Package: amssymb 2013/01/14 v3.01 AMS font symbols
)
(/usr/share/texlive/texmf-dist/tex/latex/mathtools/mathtools.sty
Package: mathtools 2020/01/17 v1.23 mathematical typesetting tools

(/usr/share/texlive/texmf-dist/tex/latex/tools/calc.sty
Package: calc 2017/05/25 v4.3 Infix arithmetic (KKT,FJ)
\calc@Acount=\count187
\calc@Bcount=\count188
\calc@Adimen=\dimen160
\calc@Bdimen=\dimen161
\calc@Askip=\skip51
\calc@Bskip=\skip52
LaTeX Info: Redefining \setlength on input line 80.
LaTeX Info: Redefining \addtolength on input line 81.
\calc@Ccount=\count189
\calc@Cskip=\skip53
)
(/usr/share/texlive/texmf-dist/tex/latex/mathtools/mhsetup.sty
Package: mhsetup 2017/03/31 v1.3 programming setup (MH)
)
(/usr/share/texlive/texmf-dist/tex/latex/amsmath/amsmath.sty
Package: amsmath 2020/01/20 v2.17e AMS math features
\@mathmargin=\skip54

For additional information on amsmath, use the `?' option.
(/usr/share/texlive/texmf-dist/tex/latex/amsmath/amstext.sty
Package: amstext 2000/06/29 v2.01 AMS text

(/usr/share/texlive/texmf-dist/tex/latex/amsmath/amsgen.sty
File: amsgen.sty 1999/11/30 v2.0 generic functions
\@emptytoks=\toks17
\ex@=\dimen162
))
(/usr/share/texlive/texmf-dist/tex/latex/amsmath/amsbsy.sty
Package: amsbsy 1999/11/29 v1.2d Bold Symbols
\pmbraise@=\dimen163
)
(/usr/share/texlive/texmf-dist/tex/latex/amsmath/amsopn.sty
Package: amsopn 2016/03/08 v2.02 operator names
)
\inf@bad=\count190
LaTeX Info: Redefining \frac on input line 227.
\uproot@=\count191
\leftroot@=\count192
LaTeX Info: Redefining \overline on input line 389.
\classnum@=\count193
\DOTSCASE@=\count194
LaTeX Info: Redefining \ldots on input line 486.
LaTeX Info: Redefining \dots on input line 489.
LaTeX Info: Redefining \cdots on input line 610.
\Mathstrutbox@=\box63
\strutbox@=\box64
\big@size=\dimen164
LaTeX Font Info:    Redeclaring font encoding OML on input line 733.
LaTeX Font Info:    Redeclaring font encoding OMS on input line 734.
\macc@depth=\count195
\c@MaxMatrixCols=\count196
\dotsspace@=\muskip17
\c@parentequation=\count197
\dspbrk@lvl=\count198
\tag@help=\toks18
\row@=\count199
\column@=\count266
\maxfields@=\count267
\andhelp@=\toks19
\eqnshift@=\dimen165
\alignsep@=\dimen166
\tagshift@=\dimen167
\tagwidth@=\dimen168
\totwidth@=\dimen169
\lineht@=\dimen170
\@envbody=\toks20
\multlinegap=\skip55
\multlinetaggap=\skip56
\mathdisplay@stack=\toks21
LaTeX Info: Redefining \[ on input line 2859.
LaTeX Info: Redefining \] on input line 2860.
)
LaTeX Info: Thecontrolsequence`\('isalreadyrobust on input line 129.
LaTeX Info: Thecontrolsequence`\)'isalreadyrobust on input line 129.
LaTeX Info: Thecontrolsequence`\['isalreadyrobust on input line 129.
LaTeX Info: Thecontrolsequence`\]'isalreadyrobust on input line 129.
\g_MT_multlinerow_int=\count268
\l_MT_multwidth_dim=\dimen171
\origjot=\skip57
\l_MT_shortvdotswithinadjustabove_dim=\dimen172
\l_MT_shortvdotswithinadjustbelow_dim=\dimen173
\l_MT_above_intertext_sep=\dimen174
\l_MT_below_intertext_sep=\dimen175
\l_MT_above_shortintertext_sep=\dimen176
\l_MT_below_shortintertext_sep=\dimen177
)
(/usr/share/texlive/texmf-dist/tex/latex/ncctools/nccmath.sty
Package: nccmath 2006/01/20 v1.3 Additional Math Commands (NCC)
\NCC@fracrulewidth=\dimen178
)
(/usr/share/texlive/texmf-dist/tex/latex/amscls/amsthm.sty
Package: amsthm 2017/10/31 v2.20.4
\thm@style=\toks22
\thm@bodyfont=\toks23
\thm@headfont=\toks24
\thm@notefont=\toks25
\thm@headpunct=\toks26
\thm@preskip=\skip58
\thm@postskip=\skip59
\thm@headsep=\skip60
\dth@everypar=\toks27
)
(/usr/share/texlive/texmf-dist/tex/latex/multirow/multirow.sty
Package: multirow 2019/05/31 v2.5 Span multiple rows of a table
\multirow@colwidth=\skip61
\multirow@cntb=\count269
\multirow@dima=\skip62
\bigstrutjot=\dimen179
)
(/usr/share/texlive/texmf-dist/tex/latex/graphics/graphicx.sty
Package: graphicx 2019/11/30 v1.2a Enhanced LaTeX Graphics (DPC,SPQR)

(/usr/share/texlive/texmf-dist/tex/latex/graphics/graphics.sty
Package: graphics 2019/11/30 v1.4a Standard LaTeX Graphics (DPC,SPQR)

(/usr/share/texlive/texmf-dist/tex/latex/graphics/trig.sty
Package: trig 2016/01/03 v1.10 sin cos tan (DPC)
)
(/usr/share/texlive/texmf-dist/tex/latex/graphics-cfg/graphics.cfg
File: graphics.cfg 2016/06/04 v1.11 sample graphics configuration
)
Package graphics Info: Driver file: dvipdfmx.def on input line 105.

(/usr/share/texlive/texmf-dist/tex/latex/graphics-def/dvipdfmx.def
File: dvipdfmx.def 2017/06/24 v5.0g Graphics/color driver for dvipdfmx
))
\Gin@req@height=\dimen180
\Gin@req@width=\dimen181
)
(/usr/share/texlive/texmf-dist/tex/latex/wrapfig/wrapfig.sty
\wrapoverhang=\dimen182
\WF@size=\dimen183
\c@WF@wrappedlines=\count270
\WF@box=\box65
\WF@everypar=\toks28
Package: wrapfig 2003/01/31  v 3.6
)
(/usr/share/texlive/texmf-dist/tex/latex/here/here.sty)
(/usr/share/texlive/texmf-dist/tex/latex/float/float.sty
Package: float 2001/11/08 v1.3d Float enhancements (AL)
\c@float@type=\count271
\float@exts=\toks29
\float@box=\box66
\@float@everytoks=\toks30
\@floatcapt=\box67
)
(/usr/share/texlive/texmf-dist/tex/latex/ascmac/ascmac.sty
Package: ascmac 2020/01/15 v2.1 ascmac wrapper (community edition) 

(/usr/share/texlive/texmf-dist/tex/latex/ascmac/tascmac.sty
Package: tascmac 2020/01/15 v2.1 ascmac package (community edition) 
\@savetbaselineshift=\dimen184
\@saveybaselineshift=\dimen185
\scb@x=\box68
\scscb@x=\box69
\@bw=\dimen186
\@nbox=\box70
\@nbody=\box71
\@scw=\dimen187
\ascmac@hoboxa=\box72
\ascmac@hoboxb=\box73
\@itemh=\dimen188
\@iboxpos=\toks31
\@iboxstr=\box74
\@bwsp=\box75
\@@bwsp=\box76
\@bcal=\count272
\shaderule=\dimen189
))
(/usr/share/texlive/texmf-dist/tex/latex/l3backend/l3backend-dvipdfmx.def
File: l3backend-dvipdfmx.def 2020-02-03 L3 backend support: dvipdfmx
\g__graphics_track_int=\count273
\l__pdf_internal_box=\box77
\g__pdf_backend_object_int=\count274
\g__pdf_backend_annotation_int=\count275
)
(./logic-04-ex.aux)
\openout1 = `logic-04-ex.aux'.

LaTeX Font Info:    Checking defaults for OML/cmm/m/it on input line 21.
LaTeX Font Info:    ... okay on input line 21.
LaTeX Font Info:    Checking defaults for OMS/cmsy/m/n on input line 21.
LaTeX Font Info:    ... okay on input line 21.
LaTeX Font Info:    Checking defaults for OT1/cmr/m/n on input line 21.
LaTeX Font Info:    ... okay on input line 21.
LaTeX Font Info:    Checking defaults for T1/cmr/m/n on input line 21.
LaTeX Font Info:    ... okay on input line 21.
LaTeX Font Info:    Checking defaults for TS1/cmr/m/n on input line 21.
LaTeX Font Info:    ... okay on input line 21.
LaTeX Font Info:    Checking defaults for OMX/cmex/m/n on input line 21.
LaTeX Font Info:    ... okay on input line 21.
LaTeX Font Info:    Checking defaults for U/cmr/m/n on input line 21.
LaTeX Font Info:    ... okay on input line 21.
LaTeX Font Info:    Checking defaults for JY1/mc/m/n on input line 21.
LaTeX Font Info:    ... okay on input line 21.
LaTeX Font Info:    Checking defaults for JT1/mc/m/n on input line 21.
LaTeX Font Info:    ... okay on input line 21.
LaTeX Font Info:    Checking defaults for PD1/pdf/m/n on input line 21.
LaTeX Font Info:    ... okay on input line 21.
 (I search kanjifont definition file: . . )
(I search font definition file: . . . . . . . . )
LaTeX Font Info:    Trying to load font information for T1+lmr on input line 21
.

(/usr/share/texmf/tex/latex/lm/t1lmr.fd
File: t1lmr.fd 2009/10/30 v1.6 Font defs for Latin Modern
)
\AtBeginShipoutBox=\box78
Package hyperref Info: Link coloring OFF on input line 21.

(/usr/share/texlive/texmf-dist/tex/latex/hyperref/nameref.sty
Package: nameref 2019/09/16 v2.46 Cross-referencing by name of section

(/usr/share/texlive/texmf-dist/tex/latex/refcount/refcount.sty
Package: refcount 2019/12/15 v3.6 Data extraction from label references (HO)
)
(/usr/share/texlive/texmf-dist/tex/generic/gettitlestring/gettitlestring.sty
Package: gettitlestring 2019/12/15 v1.6 Cleanup title references (HO)
)
\c@section@level=\count276
)
LaTeX Info: Redefining \ref on input line 21.
LaTeX Info: Redefining \pageref on input line 21.
LaTeX Info: Redefining \nameref on input line 21.

(./logic-04-ex.out) (./logic-04-ex.out)
\@outlinefile=\write3
\openout3 = `logic-04-ex.out'.

LaTeX Font Info:    Font shape `JT1/mc/m/n' will be
(Font)              scaled to size 16.60605pt on input line 28.
LaTeX Font Info:    Font shape `JY1/mc/m/n' will be
(Font)              scaled to size 16.60605pt on input line 28.
LaTeX Font Info:    Font shape `JT1/mc/m/n' will be
(Font)              scaled to size 11.53198pt on input line 28.
LaTeX Font Info:    Font shape `JY1/mc/m/n' will be
(Font)              scaled to size 11.53198pt on input line 28.
LaTeX Font Info:    Trying to load font information for OT1+lmr on input line 2
8.

(/usr/share/texmf/tex/latex/lm/ot1lmr.fd
File: ot1lmr.fd 2009/10/30 v1.6 Font defs for Latin Modern
)
LaTeX Font Info:    Trying to load font information for OML+lmm on input line 2
8.

(/usr/share/texmf/tex/latex/lm/omllmm.fd
File: omllmm.fd 2009/10/30 v1.6 Font defs for Latin Modern
)
LaTeX Font Info:    Trying to load font information for OMS+lmsy on input line 
28.

(/usr/share/texmf/tex/latex/lm/omslmsy.fd
File: omslmsy.fd 2009/10/30 v1.6 Font defs for Latin Modern
)
LaTeX Font Info:    Trying to load font information for OMX+lmex on input line 
28.

(/usr/share/texmf/tex/latex/lm/omxlmex.fd
File: omxlmex.fd 2009/10/30 v1.6 Font defs for Latin Modern
)
LaTeX Font Info:    External font `lmex10' loaded for size
(Font)              <12> on input line 28.
LaTeX Font Info:    External font `lmex10' loaded for size
(Font)              <8> on input line 28.
LaTeX Font Info:    External font `lmex10' loaded for size
(Font)              <6> on input line 28.
LaTeX Font Info:    Font shape `JY1/mc/m/n' will be
(Font)              scaled to size 5.76599pt on input line 28.
LaTeX Font Info:    Trying to load font information for U+lasy on input line 28
.

(/usr/share/texlive/texmf-dist/tex/latex/base/ulasy.fd
File: ulasy.fd 1998/08/17 v2.2e LaTeX symbol font definitions
)
LaTeX Font Info:    Trying to load font information for U+msa on input line 28.


(/usr/share/texlive/texmf-dist/tex/latex/amsfonts/umsa.fd
File: umsa.fd 2013/01/14 v3.01 AMS symbols A
)
LaTeX Font Info:    Trying to load font information for U+msb on input line 28.


(/usr/share/texlive/texmf-dist/tex/latex/amsfonts/umsb.fd
File: umsb.fd 2013/01/14 v3.01 AMS symbols B
)
LaTeX Font Info:    Trying to load font information for TS1+lmr on input line 3
0.

(/usr/share/texmf/tex/latex/lm/ts1lmr.fd
File: ts1lmr.fd 2009/10/30 v1.6 Font defs for Latin Modern
)
LaTeX Font Info:    Font shape `JT1/gt/m/n' will be
(Font)              scaled to size 9.60999pt on input line 40.
LaTeX Font Info:    Font shape `JY1/gt/m/n' will be
(Font)              scaled to size 9.60999pt on input line 40.
LaTeX Font Info:    Trying to load font information for T1+lmss on input line 4
0.

(/usr/share/texmf/tex/latex/lm/t1lmss.fd
File: t1lmss.fd 2009/10/30 v1.6 Font defs for Latin Modern
)
File: sudoku.jpg Graphic file (type bmp)
<sudoku.jpg>
LaTeX Font Info:    Trying to load font information for T1+lmtt on input line 5
0.

(/usr/share/texmf/tex/latex/lm/t1lmtt.fd
File: t1lmtt.fd 2009/10/30 v1.6 Font defs for Latin Modern
)
LaTeX Font Info:    External font `lmex10' loaded for size
(Font)              <10> on input line 50.
LaTeX Font Info:    External font `lmex10' loaded for size
(Font)              <7> on input line 50.
LaTeX Font Info:    External font `lmex10' loaded for size
(Font)              <5> on input line 50.
LaTeX Font Info:    Font shape `JY1/mc/m/n' will be
(Font)              scaled to size 6.72699pt on input line 50.
LaTeX Font Info:    Font shape `JY1/mc/m/n' will be
(Font)              scaled to size 4.805pt on input line 50.
LaTeX Font Info:    Font shape `JT1/mc/b/n' in size <10> not available
(Font)              Font shape `JT1/mc/bx/n' tried instead on input line 55.
LaTeX Font Info:    Font shape `JT1/mc/bx/n' in size <10> not available
(Font)              Font shape `JT1/gt/m/n' tried instead on input line 55.
LaTeX Font Info:    Font shape `JT1/gt/m/n' will be
(Font)              scaled to size 9.60999pt on input line 55.
LaTeX Font Info:    Font shape `JY1/mc/b/n' in size <10> not available
(Font)              Font shape `JY1/mc/bx/n' tried instead on input line 55.
LaTeX Font Info:    Font shape `JY1/mc/bx/n' in size <10> not available
(Font)              Font shape `JY1/gt/m/n' tried instead on input line 55.
LaTeX Font Info:    Font shape `JY1/gt/m/n' will be
(Font)              scaled to size 9.60999pt on input line 55.
 [1

] [2] [3]
Overfull \hbox (2.63644pt too wide) in paragraph at lines 164--164
 []      \T1/lmtt/m/n/10 c Time           : 0.000s (Solving: 0.00s 1st Model: 0
.00s Unsat: 0.00s)[] 
 []

Package atveryend Info: Empty hook `BeforeClearDocument' on input line 172.
[4]
Package atveryend Info: Empty hook `AfterLastShipout' on input line 172.
 (./logic-04-ex.aux)
Package atveryend Info: Empty hook `AtVeryEndDocument' on input line 172.
Package atveryend Info: Executing hook `AtEndAfterFileList' on input line 172.
Package rerunfilecheck Info: File `logic-04-ex.out' has not changed.
(rerunfilecheck)             Checksum: D41D8CD98F00B204E9800998ECF8427E;0.
Package atveryend Info: Empty hook `AtVeryVeryEnd' on input line 172.
 ) 
Here is how much of TeX's memory you used:
 7549 strings out of 482863
 111047 string characters out of 5959218
 376720 words of memory out of 5000000
 22663 multiletter control sequences out of 15000+600000
 579428 words of font info for 101 fonts, out of 8000000 for 9000
 269 hyphenation exceptions out of 8191
 37i,8n,29p,283b,652s stack positions out of 5000i,500n,10000p,200000b,80000s

Output written on logic-04-ex.dvi (4 pages, 10340 bytes).
